<?xml version="1.0" encoding="UTF-8"?>
<testsuite xmlns:xsi="http://www.w3.org/2001/XMLSchema-instance" xsi:noNamespaceSchemaLocation="https://maven.apache.org/surefire/maven-surefire-plugin/xsd/surefire-test-report-3.0.xsd" version="3.0" name="com.example.coffee.MailTest" time="16.062" tests="1" errors="0" skipped="0" failures="0">
  <properties>
[...]
</properties>
  <testcase name="testSend" classname="com.example.coffee.MailTest" time="11.198">
    <system-out><![CDATA[10:36:43.108 [main] INFO org.springframework.test.context.support.AnnotationConfigContextLoaderUtils -- Could not detect default configuration classes for test class [com.example.coffee.MailTest]: MailTest does not declare any static, non-private, non-final, nested classes annotated with @Configuration.
10:36:43.189 [main] INFO org.springframework.boot.test.context.SpringBootTestContextBootstrapper -- Found @SpringBootConfiguration com.example.coffee.CoffeeApplication for test class com.example.coffee.MailTest

  .   ____          _            __ _ _
 /\\ / ___'_ __ _ _(_)_ __  __ _ \ \ \ \
( ( )\___ | '_ | '_| | '_ \/ _` | \ \ \ \
 \\/  ___)| |_)| | | | | || (_| |  ) ) ) )
  '  |____| .__|_| |_|_| |_\__, | / / / /
 =========|_|==============|___/=/_/_/_/
 :: Spring Boot ::                (v3.2.0)

2026-07-27T10:36:43.565+08:00  INFO 11596 --- [coffee-order] [           main] com.example.coffee.MailTest              : Starting MailTest using Java 21.0.11 with PID 11596 (started by 29307 in C:\Users\29307\coffee-order\coffee-server)
2026-07-27T10:36:43.566+08:00 DEBUG 11596 --- [coffee-order] [           main] com.example.coffee.MailTest              : Running with Spring Boot v3.2.0, Spring v6.1.1
2026-07-27T10:36:43.566+08:00  INFO 11596 --- [coffee-order] [           main] com.example.coffee.MailTest              : The following 1 profile is active: "dev"
2026-07-27T10:36:44.699+08:00  INFO 11596 --- [coffee-order] [           main] .s.d.r.c.RepositoryConfigurationDelegate : Multiple Spring Data modules found, entering strict repository configuration mode
2026-07-27T10:36:44.701+08:00  INFO 11596 --- [coffee-order] [           main] .s.d.r.c.RepositoryConfigurationDelegate : Bootstrapping Spring Data Redis repositories in DEFAULT mode.
2026-07-27T10:36:44.738+08:00  INFO 11596 --- [coffee-order] [           main] .s.d.r.c.RepositoryConfigurationDelegate : Finished Spring Data repository scanning in 23 ms. Found 0 Redis repository interfaces.
Logging initialized using 'class org.apache.ibatis.logging.stdout.StdOutImpl' adapter.
Get /192.168.171.1 network interface 
Get network interface info: name:ethernet_32777 (VMware Virtual Ethernet Adapter for VMnet8)
Initialization Sequence datacenterId:0 workerId:2
 _ _   |_  _ _|_. ___ _ |    _ 
| | |\/|_)(_| | |_\  |_)||_|_\ 
     /               |         
                        3.5.7 
2026-07-27T10:36:47.327+08:00  INFO 11596 --- [coffee-order] [           main] o.s.s.web.DefaultSecurityFilterChain     : Will secure any request with [org.springframework.security.web.session.DisableEncodeUrlFilter@3e55eeb9, org.springframework.security.web.context.request.async.WebAsyncManagerIntegrationFilter@44a13699, org.springframework.security.web.context.SecurityContextHolderFilter@66456506, org.springframework.security.web.header.HeaderWriterFilter@6942ee48, org.springframework.web.filter.CorsFilter@71734463, org.springframework.security.web.authentication.logout.LogoutFilter@62c47480, com.example.coffee.handler.JwtAuthenticationFilter@272778ae, org.springframework.security.web.savedrequest.RequestCacheAwareFilter@1ed52f44, org.springframework.security.web.servletapi.SecurityContextHolderAwareRequestFilter@771afdd5, org.springframework.security.web.authentication.AnonymousAuthenticationFilter@1253b822, org.springframework.security.web.session.SessionManagementFilter@147375b3, org.springframework.security.web.access.ExceptionTranslationFilter@49639118, org.springframework.security.web.access.intercept.AuthorizationFilter@4247093b]
2026-07-27T10:36:47.796+08:00  INFO 11596 --- [coffee-order] [           main] com.example.coffee.MailTest              : Started MailTest in 4.495 seconds (process running for 5.232)
✅ 发送完成，请检查发件箱和垃圾箱
]]></system-out>
    <system-err><![CDATA[WARNING: A Java agent has been loaded dynamically (G:\maven-repo\net\bytebuddy\byte-buddy-agent\1.14.10\byte-buddy-agent-1.14.10.jar)
WARNING: If a serviceability tool is in use, please run with -XX:+EnableDynamicAgentLoading to hide this warning
WARNING: If a serviceability tool is not in use, please run with -Djdk.instrument.traceUsage for more information
WARNING: Dynamic loading of agents will be disallowed by default in a future release
]]></system-err>
  </testcase>
</testsuite>